Determining if the pthread_create exist failed with the following output:
Change Dir: /home/leo/Desktop/learn_rgbdsalm/src/cmake-build-debug/CMakeFiles/CMakeTmp

Run Build Command:"/usr/bin/make" "cmTC_6419b/fast"
/usr/bin/make -f CMakeFiles/cmTC_6419b.dir/build.make CMakeFiles/cmTC_6419b.dir/build
make[1]: Entering directory `/home/leo/Desktop/learn_rgbdsalm/src/cmake-build-debug/CMakeFiles/CMakeTmp'
Building C object CMakeFiles/cmTC_6419b.dir/CheckSymbolExists.c.o
/usr/bin/cc     -o CMakeFiles/cmTC_6419b.dir/CheckSymbolExists.c.o   -c /home/leo/Desktop/learn_rgbdsalm/src/cmake-build-debug/CMakeFiles/CMakeTmp/CheckSymbolExists.c
Linking C executable cmTC_6419b
/home/leo/Downloads/clion-2017.1.3/bin/cmake/bin/cmake -E cmake_link_script CMakeFiles/cmTC_6419b.dir/link.txt --verbose=1
/usr/bin/cc       CMakeFiles/cmTC_6419b.dir/CheckSymbolExists.c.o  -o cmTC_6419b -rdynamic 
CMakeFiles/cmTC_6419b.dir/CheckSymbolExists.c.o: In function `main':
CheckSymbolExists.c:(.text+0x16): undefined reference to `pthread_create'
collect2: error: ld returned 1 exit status
make[1]: *** [cmTC_6419b] Error 1
make[1]: Leaving directory `/home/leo/Desktop/learn_rgbdsalm/src/cmake-build-debug/CMakeFiles/CMakeTmp'
make: *** [cmTC_6419b/fast] Error 2

File /home/leo/Desktop/learn_rgbdsalm/src/cmake-build-debug/CMakeFiles/CMakeTmp/CheckSymbolExists.c:
/* */
#include <pthread.h>

int main(int argc, char** argv)
{
  (void)argv;
#ifndef pthread_create
  return ((int*)(&pthread_create))[argc];
#else
  (void)argc;
  return 0;
#endif
}

Determining if the function pthread_create exists in the pthreads failed with the following output:
Change Dir: /home/leo/Desktop/learn_rgbdsalm/src/cmake-build-debug/CMakeFiles/CMakeTmp

Run Build Command:"/usr/bin/make" "cmTC_64d74/fast"
/usr/bin/make -f CMakeFiles/cmTC_64d74.dir/build.make CMakeFiles/cmTC_64d74.dir/build
make[1]: Entering directory `/home/leo/Desktop/learn_rgbdsalm/src/cmake-build-debug/CMakeFiles/CMakeTmp'
Building C object CMakeFiles/cmTC_64d74.dir/CheckFunctionExists.c.o
/usr/bin/cc    -DCHECK_FUNCTION_EXISTS=pthread_create   -o CMakeFiles/cmTC_64d74.dir/CheckFunctionExists.c.o   -c /home/leo/Downloads/clion-2017.1.3/bin/cmake/share/cmake-3.7/Modules/CheckFunctionExists.c
Linking C executable cmTC_64d74
/home/leo/Downloads/clion-2017.1.3/bin/cmake/bin/cmake -E cmake_link_script CMakeFiles/cmTC_64d74.dir/link.txt --verbose=1
/usr/bin/cc   -DCHECK_FUNCTION_EXISTS=pthread_create    CMakeFiles/cmTC_64d74.dir/CheckFunctionExists.c.o  -o cmTC_64d74 -rdynamic -lpthreads 
/usr/bin/ld: cannot find -lpthreads
collect2: error: ld returned 1 exit status
make[1]: *** [cmTC_64d74] Error 1
make[1]: Leaving directory `/home/leo/Desktop/learn_rgbdsalm/src/cmake-build-debug/CMakeFiles/CMakeTmp'
make: *** [cmTC_64d74/fast] Error 2


